<?xml version="1.0" encoding="UTF-8"?>
<!-- Generated by org.testng.reporters.JUnitReportReporter -->
<testsuite hostname="LAPTOP-0AGRRL1R" failures="0" tests="7" name="testcase.Example1Test" time="0.747" errors="0" timestamp="2023-08-30T21:10:58 ICT" skipped="0">
  <testcase classname="testcase.Example1Test" name="T07_Compare_id" time="0.720"/>
  <system-out/>
  <testcase classname="testcase.Example1Test" name="T02_IdChecked" time="0.002"/>
  <system-out/>
  <testcase classname="testcase.Example1Test" name="T06_AvatarChecked" time="0.002"/>
  <system-out/>
  <testcase classname="testcase.Example1Test" name="T01_StatusCodeTest" time="0.015"/>
  <system-out/>
  <testcase classname="testcase.Example1Test" name="T03_EmailChecked" time="0.003"/>
  <system-out/>
  <testcase classname="testcase.Example1Test" name="T04_EmailChecked" time="0.002"/>
  <system-out/>
  <testcase classname="testcase.Example1Test" name="T05_EmailChecked" time="0.003"/>
  <system-out/>
</testsuite> <!-- testcase.Example1Test -->
