<?xml version="1.0" encoding="UTF-8"?>
<!-- Generated by org.testng.reporters.JUnitReportReporter -->
<testsuite hostname="LAPTOP-0AGRRL1R" failures="0" tests="2" name="Lab7DemoTest" time="108.413" errors="0" timestamp="2023-08-30T21:07:36 ICT" skipped="0">
  <testcase classname="Lab7DemoTest" name="TC02_LoginSecondAccount" time="53.612"/>
  <testcase classname="Lab7DemoTest" name="TC01_LoginFirstAccount" time="54.801"/>
</testsuite> <!-- Lab7DemoTest -->
