<?xml version="1.0" encoding="UTF-8"?>
<!-- Generated by org.testng.reporters.JUnitReportReporter -->
<testsuite hostname="LAPTOP-0AGRRL1R" failures="0" tests="1" name="lab5.Lab5" time="4.755" errors="0" timestamp="30 Aug 2023 13:57:20 GMT">
  <testcase classname="lab5.Lab5" name="TC01_GoogleSearch" time="4.755"/>
</testsuite> <!-- lab5.Lab5 -->
