<?xml version="1.0" encoding="UTF-8"?>
<!-- Generated by org.testng.reporters.JUnitReportReporter -->
<testsuite hostname="LAPTOP-0AGRRL1R" failures="0" tests="1" name="MyStoreAutomation" time="9.375" errors="0" timestamp="2023-08-29T21:11:47 ICT" skipped="0">
  <testcase classname="MyStoreAutomation" name="TC_MyOrderSearchValid" time="9.375"/>
</testsuite> <!-- MyStoreAutomation -->
